Build started 2018/5/25 17:14:29.
     1>Project "E:\workspace\research\Vector_Autoregression\SRVAR\cpp_extension\cpp_extension\cpp_extension.vcxproj" on node 2 (Build target(s)).
     1>ClCompile:
         E:\VS2013\VC\bin\CL.exe /c /IE:\workspace\boost_1_67_0 /ZI /nologo /W3 /WX- /sdl /Od /Oy- /D WIN32 /D _DEBUG /D _CONSOLE /D _LIB /D _UNICODE /D UNICODE /Gm /EHsc /RTC1 /MDd /GS /fp:precise /Zc:wchar_t /Zc:forScope /Yc"stdafx.h" /Fp"Debug\cpp_extension.pch" /Fo"Debug\\" /Fd"Debug\vc120.pdb" /Gd /TP /analyze- /errorReport:prompt stdafx.cpp
         stdafx.cpp
         E:\VS2013\VC\bin\CL.exe /c /IE:\workspace\boost_1_67_0 /ZI /nologo /W3 /WX- /sdl /Od /Oy- /D WIN32 /D _DEBUG /D _CONSOLE /D _LIB /D _UNICODE /D UNICODE /Gm /EHsc /RTC1 /MDd /GS /fp:precise /Zc:wchar_t /Zc:forScope /Yu"stdafx.h" /Fp"Debug\cpp_extension.pch" /Fo"Debug\\" /Fd"Debug\vc120.pdb" /Gd /TP /analyze- /errorReport:prompt cpp_extension.cpp
         cpp_extension.cpp
     1>e:\workspace\boost_1_67_0\boost\python\detail\wrap_python.hpp(50): fatal error C1083: Cannot open include file: 'pyconfig.h': No such file or directory
     1>Done Building Project "E:\workspace\research\Vector_Autoregression\SRVAR\cpp_extension\cpp_extension\cpp_extension.vcxproj" (Build target(s)) -- FAILED.

Build FAILED.

Time Elapsed 00:00:01.18
