Build started 2018/5/25 9:59:50.
     1>Project "E:\workspace\research\Vector_Autoregression\armadillo-8.500.1\examples\example1_win64.vcxproj" on node 2 (Build target(s)).
     1>ClCompile:
         E:\VS2013\VC\bin\CL.exe /c /Zi /nologo /W3 /WX- /sdl /O2 /Oi /Oy- /GL /D _MBCS /Gm- /EHsc /MD /GS /Gy /fp:precise /Zc:wchar_t /Zc:forScope /Fo"Release\\" /Fd"Release\vc120.pdb" /Gd /TP /analyze- /errorReport:prompt example1.cpp
         example1.cpp
     1>example1.cpp(2): fatal error C1083: Cannot open include file: 'armadillo': No such file or directory
     1>Done Building Project "E:\workspace\research\Vector_Autoregression\armadillo-8.500.1\examples\example1_win64.vcxproj" (Build target(s)) -- FAILED.

Build FAILED.

Time Elapsed 00:00:00.40
